<?xml version="1.0" encoding="UTF-8"?>
<!-- Generated by org.testng.reporters.JUnitReportReporter -->
<testsuite hostname="MAA2-LP1S9CPF2" name="testcases.Testcase002" tests="1" failures="0" timestamp="19 Dec 2017 08:55:16 GMT" time="32.025" errors="0">
  <testcase name="launch" time="32.025" classname="testcases.Testcase002"/>
</testsuite> <!-- testcases.Testcase002 -->
