<?xml version="1.0" encoding="UTF-8"?>
<!-- Generated by org.testng.reporters.JUnitReportReporter -->
<testsuite hostname="MAA2-LP1S9CPF2" name="testcases.Testcase001" tests="1" failures="0" timestamp="19 Dec 2017 08:55:16 GMT" time="17.111" errors="0">
  <testcase name="launch" time="17.111" classname="testcases.Testcase001"/>
</testsuite> <!-- testcases.Testcase001 -->
