<?xml version="1.0" encoding="UTF-8"?>
<!-- Generated by org.testng.reporters.JUnitReportReporter -->
<testsuite hostname="MAA2-LP1S9CPF2" name="cardtest.ReflectionTest" tests="1" failures="0" timestamp="8 Feb 2018 17:56:55 GMT" time="0.031" errors="0">
  <testcase name="testflow" time="0.031" classname="cardtest.ReflectionTest"/>
</testsuite> <!-- cardtest.ReflectionTest -->
