<?xml version="1.0" encoding="UTF-8"?>
<!-- Generated by org.testng.reporters.JUnitReportReporter -->
<testsuite hostname="MAA2-LP1S9CPF2" name="issuermanagement.Testcase001" tests="1" failures="0" timestamp="18 Dec 2017 07:18:38 GMT" time="21.876" errors="0">
  <testcase name="launch" time="21.876" classname="issuermanagement.Testcase001"/>
</testsuite> <!-- issuermanagement.Testcase001 -->
