<?xml version="1.0" encoding="UTF-8"?>
<!-- Generated by org.testng.reporters.JUnitReportReporter -->
<testsuite hostname="MAA2-LP1S9CPF2" name="cardtest.Cosumerval" tests="1" failures="0" timestamp="23 Jan 2018 08:10:03 GMT" time="19.897" errors="0">
  <testcase name="testflow" time="19.897" classname="cardtest.Cosumerval"/>
</testsuite> <!-- cardtest.Cosumerval -->
